-------------------------------------------------------------------------------
Test set: my.collections.linkedlist.LinkedListTest
-------------------------------------------------------------------------------
Tests run: 5, Failures: 2, Errors: 0, Skipped: 0, Time elapsed: 0.038 s <<< FAILURE! - in my.collections.linkedlist.LinkedListTest
linkedListClearEmptyTest_ExpectedEquals  Time elapsed: 0.014 s  <<< FAILURE!
java.lang.AssertionError: expected:<0> but was:<10>
	at my.collections.linkedlist.LinkedListTest.linkedListClearEmptyTest_ExpectedEquals(LinkedListTest.java:56)

linkedListSizeTest_ExpectedEquals  Time elapsed: 0.001 s  <<< FAILURE!
java.lang.AssertionError: expected:<0> but was:<10>
	at my.collections.linkedlist.LinkedListTest.linkedListSizeTest_ExpectedEquals(LinkedListTest.java:41)

