<?xml version="1.0" encoding="UTF-8"?>
<testsuite xmlns:xsi="http://www.w3.org/2001/XMLSchema-instance" xsi:noNamespaceSchemaLocation="https://maven.apache.org/surefire/maven-surefire-plugin/xsd/surefire-test-report.xsd" name="my.collections.linkedlist.LinkedListTest" time="0.038" tests="5" errors="0" skipped="0" failures="2">
  <properties>
[...]
</properties>
  <testcase name="linkedListAddTest_ExpectedEquals" classname="my.collections.linkedlist.LinkedListTest" time="0.012"/>
  <testcase name="linkedListClearEmptyTest_ExpectedEquals" classname="my.collections.linkedlist.LinkedListTest" time="0.014">
    <failure message="expected:&lt;0&gt; but was:&lt;10&gt;" type="java.lang.AssertionError"><![CDATA[java.lang.AssertionError: expected:<0> but was:<10>
	at my.collections.linkedlist.LinkedListTest.linkedListClearEmptyTest_ExpectedEquals(LinkedListTest.java:56)
]]></failure>
    <system-out><![CDATA[4
]]></system-out>
  </testcase>
  <testcase name="linkedListSizeTest_ExpectedEquals" classname="my.collections.linkedlist.LinkedListTest" time="0.001">
    <failure message="expected:&lt;0&gt; but was:&lt;10&gt;" type="java.lang.AssertionError"><![CDATA[java.lang.AssertionError: expected:<0> but was:<10>
	at my.collections.linkedlist.LinkedListTest.linkedListSizeTest_ExpectedEquals(LinkedListTest.java:41)
]]></failure>
    <system-out><![CDATA[2
]]></system-out>
  </testcase>
  <testcase name="linkedListGetTest_ExpectedException" classname="my.collections.linkedlist.LinkedListTest" time="0"/>
  <testcase name="linkedListClearTest_ExpectedEquals" classname="my.collections.linkedlist.LinkedListTest" time="0"/>
</testsuite>